<?xml version="1.0" encoding="UTF-8"?>
<testsuite xmlns:xsi="http://www.w3.org/2001/XMLSchema-instance" xsi:noNamespaceSchemaLocation="https://maven.apache.org/surefire/maven-surefire-plugin/xsd/surefire-test-report-3.0.xsd" version="3.0" name="com.example.login_service.LoginServiceApplicationTests" time="26.978" tests="1" errors="0" skipped="0" failures="0">
  <properties>
[...]
</properties>
  <testcase name="contextLoads" classname="com.example.login_service.LoginServiceApplicationTests" time="1.642">
    <system-out><![CDATA[00:50:14.645 [main] INFO org.springframework.test.context.support.AnnotationConfigContextLoaderUtils -- Could not detect default configuration classes for test class [com.example.login_service.LoginServiceApplicationTests]: LoginServiceApplicationTests does not declare any static, non-private, non-final, nested classes annotated with @Configuration.
00:50:15.282 [main] INFO org.springframework.boot.test.context.SpringBootTestContextBootstrapper -- Found @SpringBootConfiguration com.example.login_service.LoginServiceApplication for test class com.example.login_service.LoginServiceApplicationTests
00:50:15.861 [main] INFO org.springframework.boot.devtools.restart.RestartApplicationListener -- Restart disabled due to context in which it is running

  .   ____          _            __ _ _
 /\\ / ___'_ __ _ _(_)_ __  __ _ \ \ \ \
( ( )\___ | '_ | '_| | '_ \/ _` | \ \ \ \
 \\/  ___)| |_)| | | | | || (_| |  ) ) ) )
  '  |____| .__|_| |_|_| |_\__, | / / / /
 =========|_|==============|___/=/_/_/_/

 :: Spring Boot ::                (v3.3.2)

2024-08-31T00:50:17.002+05:30  INFO 27110 --- [UserService] [           main] c.e.l.LoginServiceApplicationTests       : Starting LoginServiceApplicationTests using Java 17.0.12 with PID 27110 (started by user in /home/user/Desktop/_/My_Projects/Micro-services-project/login-service)
2024-08-31T00:50:17.013+05:30  INFO 27110 --- [UserService] [           main] c.e.l.LoginServiceApplicationTests       : No active profile set, falling back to 1 default profile: "default"
2024-08-31T00:50:21.573+05:30  INFO 27110 --- [UserService] [           main] .s.d.r.c.RepositoryConfigurationDelegate : Bootstrapping Spring Data JPA repositories in DEFAULT mode.
2024-08-31T00:50:21.752+05:30  INFO 27110 --- [UserService] [           main] .s.d.r.c.RepositoryConfigurationDelegate : Finished Spring Data repository scanning in 153 ms. Found 1 JPA repository interface.
2024-08-31T00:50:25.032+05:30  INFO 27110 --- [UserService] [           main] o.hibernate.jpa.internal.util.LogHelper  : HHH000204: Processing PersistenceUnitInfo [name: default]
2024-08-31T00:50:25.549+05:30  INFO 27110 --- [UserService] [           main] org.hibernate.Version                    : HHH000412: Hibernate ORM core version 6.5.2.Final
2024-08-31T00:50:25.824+05:30  INFO 27110 --- [UserService] [           main] o.h.c.internal.RegionFactoryInitiator    : HHH000026: Second-level cache disabled
2024-08-31T00:50:27.364+05:30  INFO 27110 --- [UserService] [           main] o.s.o.j.p.SpringPersistenceUnitInfo      : No LoadTimeWeaver setup: ignoring JPA class transformer
2024-08-31T00:50:27.592+05:30  INFO 27110 --- [UserService] [           main] com.zaxxer.hikari.HikariDataSource       : HikariPool-1 - Starting...
2024-08-31T00:50:29.395+05:30  INFO 27110 --- [UserService] [           main] com.zaxxer.hikari.pool.HikariPool        : HikariPool-1 - Added connection org.postgresql.jdbc.PgConnection@1b317e7d
2024-08-31T00:50:29.404+05:30  INFO 27110 --- [UserService] [           main] com.zaxxer.hikari.HikariDataSource       : HikariPool-1 - Start completed.
2024-08-31T00:50:29.705+05:30  WARN 27110 --- [UserService] [           main] org.hibernate.orm.deprecation            : HHH90000025: PostgreSQLDialect does not need to be specified explicitly using 'hibernate.dialect' (remove the property setting and it will be selected by default)
2024-08-31T00:50:32.839+05:30  INFO 27110 --- [UserService] [           main] o.h.e.t.j.p.i.JtaPlatformInitiator       : HHH000489: No JTA platform available (set 'hibernate.transaction.jta.platform' to enable JTA platform integration)
Hibernate: drop table if exists login_user cascade
Hibernate: create table login_user (id bigint generated by default as identity, password varchar(255), username varchar(255), primary key (id))
2024-08-31T00:50:32.974+05:30  INFO 27110 --- [UserService] [           main] j.LocalContainerEntityManagerFactoryBean : Initialized JPA EntityManagerFactory for persistence unit 'default'
2024-08-31T00:50:35.505+05:30  WARN 27110 --- [UserService] [           main] JpaBaseConfiguration$JpaWebConfiguration : spring.jpa.open-in-view is enabled by default. Therefore, database queries may be performed during view rendering. Explicitly configure spring.jpa.open-in-view to disable this warning
2024-08-31T00:50:36.988+05:30  WARN 27110 --- [UserService] [           main] ion$DefaultTemplateResolverConfiguration : Cannot find template location: classpath:/templates/ (please add some templates, check your Thymeleaf configuration, or set spring.thymeleaf.check-template-location=false)
2024-08-31T00:50:38.507+05:30  INFO 27110 --- [UserService] [           main] o.s.b.a.e.web.EndpointLinksResolver      : Exposing 1 endpoint beneath base path '/actuator'
2024-08-31T00:50:38.781+05:30  INFO 27110 --- [UserService] [           main] c.e.l.LoginServiceApplicationTests       : Started LoginServiceApplicationTests in 22.988 seconds (process running for 27.037)
]]></system-out>
  </testcase>
</testsuite>